[2016-05-01 14:10:08] START
[2016-05-01 14:22:39] EDIT practice/models/db.py: -40
[2016-05-01 14:23:59] EDIT practice/models/db.py: 2
[2016-05-01 14:25:22] EDIT practice/controllers/default.py: 0
[2016-05-01 14:25:23] EDIT practice/controllers/default.py: 0
[2016-05-01 14:25:58] EDIT practice/views/default/index.html: -47
[2016-05-01 14:30:33] EDIT practice/controllers/default.py: -17
[2016-05-01 14:31:20] EDIT practice/controllers/default.py: 17
[2016-05-01 14:32:22] EDIT practice/models/menu.py: -4
[2016-05-07 15:21:51] CREATE convert/index.html: 0
[2016-05-07 15:22:00] DELETE practice/views/convert/index.html: -3
[2016-05-07 15:22:12] CREATE default/convert.html: 0
[2016-05-07 15:24:29] EDIT practice/views/default/index.html: 1
[2016-05-07 15:24:31] EDIT practice/views/default/index.html: 0
[2016-05-07 15:26:59] EDIT practice/views/default/index.html: 0
[2016-05-07 15:27:12] EDIT practice/views/default/index.html: -1
[2016-05-07 15:30:59] EDIT practice/views/default/index.html: 4
[2016-05-07 15:32:10] EDIT practice/views/default/index.html: -3
[2016-05-07 15:32:35] EDIT practice/views/default/index.html: 3
[2016-05-07 15:33:09] EDIT practice/views/default/index.html: 0
[2016-05-07 15:33:39] EDIT practice/views/default/convert.html: 0
[2016-05-07 15:45:58] DELETE practice/views/default/convert.html: -3
[2016-05-07 15:46:09] CREATE default/get_data.html: 0
[2016-05-07 15:46:58] EDIT practice/views/default/index.html: 0
[2016-05-07 15:48:01] EDIT practice/controllers/default.py: 2
[2016-05-07 15:48:20] EDIT practice/controllers/default.py: 0
[2016-05-07 15:48:42] EDIT practice/controllers/default.py: 0
[2016-05-07 15:49:00] EDIT practice/controllers/default.py: 0
[2016-05-07 15:52:57] EDIT practice/controllers/default.py: 4
[2016-05-07 15:53:01] EDIT practice/controllers/default.py: 0
[2016-05-07 15:53:37] EDIT practice/controllers/default.py: 0
[2016-05-07 15:54:27] EDIT practice/controllers/default.py: -3
[2016-05-07 15:59:51] EDIT practice/controllers/default.py: 1
[2016-05-07 16:00:00] EDIT practice/controllers/default.py: 0
[2016-05-07 16:02:17] EDIT practice/controllers/default.py: 1
[2016-05-07 16:02:28] EDIT practice/controllers/default.py: -1
[2016-05-07 16:03:00] EDIT practice/views/default/get_data.html: 0
[2016-05-07 16:04:33] EDIT practice/controllers/default.py: 0
