[2016-04-13 14:35:21] START
[2016-05-04 15:28:02] CREATE tables.py: 0
[2016-05-04 16:06:09] EDIT Visualizr/models/tables.py: 3
[2016-05-04 16:10:28] EDIT Visualizr/models/tables.py: 0
[2016-05-04 17:02:39] EDIT Visualizr/controllers/default.py: 1
[2016-05-04 17:02:59] EDIT Visualizr/controllers/default.py: 0
[2016-05-04 17:04:04] EDIT Visualizr/controllers/default.py: 0
[2016-05-04 17:04:06] EDIT Visualizr/controllers/default.py: 0
[2016-05-04 17:04:06] EDIT Visualizr/controllers/default.py: 0
[2016-05-05 08:22:43] EDIT Visualizr/models/tables.py: 0
[2016-05-05 08:22:52] EDIT Visualizr/models/tables.py: 0
[2016-05-05 15:52:19] EDIT Visualizr/models/tables.py: 0
[2016-05-05 16:10:09] EDIT Visualizr/controllers/default.py: 1
[2016-05-05 16:10:34] EDIT Visualizr/controllers/default.py: 0
[2016-05-05 16:10:35] EDIT Visualizr/controllers/default.py: 0
[2016-05-05 16:10:35] EDIT Visualizr/controllers/default.py: 0
[2016-05-05 16:10:35] EDIT Visualizr/controllers/default.py: 0
[2016-05-05 16:10:35] EDIT Visualizr/controllers/default.py: 0
[2016-05-05 16:12:19] EDIT Visualizr/models/tables.py: 1
[2016-05-05 16:12:19] EDIT Visualizr/models/tables.py: 0
[2016-05-05 16:12:51] EDIT Visualizr/controllers/default.py: 0
[2016-05-05 16:12:51] EDIT Visualizr/controllers/default.py: 0
[2016-05-05 16:14:50] EDIT Visualizr/controllers/default.py: 0
[2016-05-05 16:15:11] EDIT Visualizr/controllers/default.py: 0
[2016-05-05 16:15:12] EDIT Visualizr/controllers/default.py: 0
[2016-05-05 16:16:14] EDIT Visualizr/controllers/default.py: 0
[2016-05-05 16:19:09] EDIT Visualizr/controllers/default.py: -1
[2016-05-05 16:19:10] EDIT Visualizr/controllers/default.py: 0
[2016-05-05 16:20:57] EDIT Visualizr/controllers/default.py: 0
[2016-05-05 16:21:09] EDIT Visualizr/controllers/default.py: 0
[2016-05-05 16:22:29] EDIT Visualizr/controllers/default.py: 0
[2016-05-05 16:42:56] EDIT Visualizr/controllers/default.py: 0
[2016-05-05 16:42:56] EDIT Visualizr/controllers/default.py: 0
[2016-05-05 16:47:35] DELETE Visualizr/static/master_table.upload_data.8473f195fe22ad81.54696d41747461636b73426c61636b6d6f72652e706e67.png: -1
[2016-05-05 16:50:09] EDIT Visualizr/controllers/default.py: 1
[2016-05-05 16:50:10] EDIT Visualizr/controllers/default.py: 0
[2016-05-05 16:52:26] EDIT Visualizr/controllers/default.py: 0
[2016-05-05 16:53:18] EDIT Visualizr/controllers/default.py: 0
[2016-05-05 16:53:18] EDIT Visualizr/controllers/default.py: 0
[2016-05-05 16:54:34] EDIT Visualizr/controllers/default.py: 0
[2016-05-05 16:54:35] EDIT Visualizr/controllers/default.py: 0
[2016-05-05 16:55:16] DELETE Visualizr/static/master_table.upload_data.933f022ca122a3fc.54696d41747461636b73426c61636b6d6f72652e706e67.png: -1
[2016-05-05 16:55:21] DELETE Visualizr/static/master_table.upload_data.9e3ceea4897e1d5d.313436353337305f3931373634333438313639303432355f393836333434363737363635323638355f6e2e6a7067.jpg: -2
[2016-05-05 16:55:26] DELETE Visualizr/static/master_table.upload_data.a541392e6c02d64f.53746f6e655f4f6365616e2e6a7067.jpg: -1
[2016-05-05 16:55:30] DELETE Visualizr/static/master_table.upload_data.a6dcddbd89e386c2.4a6f686e6e795f44616e6b6e6573732e504e47.PNG: -1
[2016-05-05 16:56:03] EDIT Visualizr/controllers/default.py: 0
[2016-05-05 16:56:03] EDIT Visualizr/controllers/default.py: 0
[2016-05-05 16:56:32] EDIT Visualizr/controllers/default.py: 0
[2016-05-05 16:56:33] EDIT Visualizr/controllers/default.py: 0
[2016-05-05 16:57:03] DELETE Visualizr/static/master_table.upload_data.86462d8fc4cc2276.30716e4b336e6a2e706e67.png: -1
[2016-05-05 16:57:08] DELETE Visualizr/static/master_table.upload_data.ace20eaacb2b2efb.3939333537335f3936303433383438303731393133335f313530323539383031373333323437393038345f6e2e706e67.png: -1
[2016-05-05 17:29:19] EDIT Visualizr/controllers/default.py: -3
[2016-05-05 17:31:00] EDIT Visualizr/models/tables.py: 1
[2016-05-05 17:31:01] EDIT Visualizr/models/tables.py: 0
[2016-05-05 17:31:02] EDIT Visualizr/models/tables.py: 0
[2016-05-05 17:31:39] EDIT Visualizr/models/tables.py: 0
[2016-05-05 17:31:40] EDIT Visualizr/models/tables.py: 0
