[2016-01-27 13:13:09] START
[2016-02-03 11:14:18] EDIT For_Sale/models/db.py: -13
[2016-02-03 11:19:54] EDIT For_Sale/models/db.py: 0
[2016-02-03 12:55:26] EDIT For_Sale/models/db.py: 7
[2016-02-03 13:00:05] EDIT For_Sale/models/db.py: 0
[2016-02-03 13:20:58] EDIT For_Sale/controllers/default.py: -6
[2016-02-03 13:24:09] EDIT For_Sale/views/default/index.html: -40
[2016-02-03 13:26:16] EDIT For_Sale/controllers/default.py: 3
[2016-02-03 13:26:30] EDIT For_Sale/controllers/default.py: 0
[2016-02-03 13:32:47] EDIT For_Sale/views/default/index.html: 0
[2016-02-03 14:44:03] CREATE default/show.html: 0
[2016-02-03 14:47:25] EDIT For_Sale/views/default/show.html: 5
[2016-02-03 14:48:44] EDIT For_Sale/views/default/show.html: 0
[2016-02-03 14:54:42] EDIT For_Sale/views/default/show.html: 6
[2016-02-03 15:00:12] EDIT For_Sale/views/default/index.html: 1
[2016-02-03 15:03:12] EDIT For_Sale/controllers/default.py: 5
[2016-02-03 15:04:01] CREATE default/post_new_ad.html: 0
[2016-02-03 15:05:49] EDIT For_Sale/controllers/default.py: 0
[2016-02-03 15:06:42] EDIT For_Sale/views/default/post_new_ad.html: 0
[2016-02-03 15:16:37] EDIT For_Sale/models/db.py: 3
[2016-02-03 15:17:23] EDIT For_Sale/controllers/default.py: 1
[2016-02-03 15:27:10] EDIT For_Sale/models/db.py: 0
[2016-02-03 15:28:52] EDIT For_Sale/models/db.py: 0
[2016-02-03 19:49:35] EDIT For_Sale/views/default/show.html: 0
[2016-02-03 19:51:51] EDIT For_Sale/models/db.py: 0
[2016-02-03 19:52:46] EDIT For_Sale/models/db.py: 0
[2016-02-03 19:53:23] EDIT For_Sale/models/db.py: 0
[2016-02-03 19:53:58] EDIT For_Sale/models/db.py: 0
[2016-02-03 19:54:39] EDIT For_Sale/models/db.py: 0
[2016-02-03 20:08:39] EDIT For_Sale/views/default/show.html: 1
[2016-02-03 20:09:31] EDIT For_Sale/views/default/show.html: 0
[2016-02-03 20:10:24] EDIT For_Sale/views/default/show.html: 0
[2016-02-03 20:11:39] EDIT For_Sale/views/default/show.html: 0
[2016-02-03 20:12:33] EDIT For_Sale/views/default/show.html: 0
[2016-02-03 20:21:12] EDIT For_Sale/models/db.py: 0
[2016-02-03 21:15:11] EDIT New_For_Sale/views/default/show.html: 0
[2016-02-03 21:20:16] EDIT New_For_Sale/views/default/show.html: -1
[2016-02-03 21:22:17] EDIT New_For_Sale/views/default/show.html: 0
[2016-02-03 21:23:39] EDIT New_For_Sale/views/default/show.html: 0
[2016-02-03 21:24:03] EDIT New_For_Sale/views/default/show.html: 0
[2016-02-03 21:28:28] EDIT New_For_Sale/models/db.py: 0
[2016-02-03 21:29:21] EDIT New_For_Sale/models/db.py: 0
[2016-02-03 21:30:54] EDIT New_For_Sale/controllers/default.py: 0
[2016-02-03 21:35:53] EDIT New_For_Sale/models/db.py: 1
[2016-02-03 21:37:32] EDIT New_For_Sale/models/db.py: 0
[2016-02-03 21:43:38] EDIT New_For_Sale/models/db.py: -1
[2016-02-03 21:47:09] EDIT New_For_Sale/controllers/default.py: 1
[2016-02-03 21:56:07] EDIT New_For_Sale/controllers/default.py: 1
[2016-02-03 21:56:40] EDIT New_For_Sale/controllers/default.py: 0
[2016-02-03 21:56:57] EDIT New_For_Sale/controllers/default.py: 0
[2016-02-03 21:57:08] EDIT New_For_Sale/controllers/default.py: 0
[2016-02-03 21:57:25] EDIT New_For_Sale/controllers/default.py: 0
[2016-02-03 21:57:32] EDIT New_For_Sale/controllers/default.py: -1
[2016-02-03 21:57:43] EDIT New_For_Sale/controllers/default.py: 0
[2016-02-03 22:18:32] EDIT For_Sale/models/db.py: 0
[2016-02-03 22:19:21] EDIT For_Sale/controllers/default.py: 0
[2016-02-03 22:19:35] EDIT For_Sale/models/db.py: 0
[2016-02-03 22:23:50] EDIT For_Sale/views/default/index.html: -2
[2016-02-03 22:24:05] EDIT For_Sale/views/default/index.html: 0
[2016-02-03 22:25:04] EDIT For_Sale/views/default/index.html: 0
[2016-02-03 22:25:27] EDIT For_Sale/views/default/index.html: 0
[2016-02-03 22:27:01] EDIT For_Sale/views/default/index.html: 1
[2016-02-03 22:29:54] EDIT For_Sale/views/default/index.html: 1
[2016-02-03 22:31:56] EDIT For_Sale/views/default/index.html: 0
[2016-02-03 22:33:10] EDIT For_Sale/views/default/index.html: -1
[2016-02-03 22:34:08] EDIT For_Sale/views/default/index.html: 0
[2016-02-03 22:34:49] EDIT For_Sale/views/default/index.html: 0
[2016-02-03 22:39:28] EDIT For_Sale/views/default/index.html: 0
[2016-02-03 22:40:57] EDIT For_Sale/views/default/index.html: 0
[2016-02-03 22:46:27] EDIT For_Sale/controllers/default.py: 0
[2016-02-03 22:47:22] EDIT For_Sale/controllers/default.py: 1
[2016-02-03 22:47:28] EDIT For_Sale/controllers/default.py: -1
[2016-02-03 22:47:44] EDIT For_Sale/controllers/default.py: 0
[2016-02-03 22:48:53] EDIT For_Sale/views/default/index.html: 0
[2016-02-03 22:49:58] EDIT For_Sale/views/default/index.html: 0
[2016-02-03 22:50:52] EDIT For_Sale/views/default/index.html: 0
[2016-02-03 22:52:25] EDIT For_Sale/views/default/index.html: 1
[2016-02-03 22:52:34] EDIT For_Sale/views/default/index.html: 0
[2016-02-03 22:53:18] EDIT For_Sale/views/default/index.html: 0
[2016-02-03 22:53:42] EDIT For_Sale/views/default/index.html: -1
[2016-02-03 22:56:10] EDIT For_Sale/controllers/default.py: 1
[2016-02-03 22:56:22] EDIT For_Sale/controllers/default.py: -1
[2016-02-03 22:58:30] EDIT For_Sale/controllers/default.py: 0
[2016-02-03 23:03:16] EDIT For_Sale/models/db.py: 0
[2016-02-03 23:03:44] EDIT For_Sale/views/default/index.html: 0
[2016-02-03 23:04:08] EDIT For_Sale/models/db.py: 0
[2016-02-03 23:04:41] EDIT For_Sale/models/db.py: 0
[2016-02-03 23:05:28] EDIT For_Sale/models/db.py: 0
[2016-02-03 23:06:14] EDIT For_Sale/models/db.py: 0
[2016-02-03 23:06:23] EDIT For_Sale/models/db.py: 0
[2016-02-03 23:07:01] EDIT For_Sale/views/default/index.html: 0
[2016-03-06 22:51:59] EDIT For_Sale/controllers/default.py: -1
[2016-03-06 22:52:17] EDIT For_Sale/controllers/default.py: 1
[2016-03-06 22:52:32] EDIT For_Sale/controllers/default.py: 0
[2016-03-06 22:53:11] EDIT For_Sale/controllers/default.py: 0
[2016-04-18 16:31:30] EDIT ForSale2/views/layout.html: -9
[2016-04-18 16:31:46] EDIT ForSale2/views/layout.html: 9
[2016-04-20 15:32:19] EDIT ForSale2/controllers/default.py: -1
